2025-01-26 07:14:00 | WARN | repo=course-sys-int-systems-exam | action=edit | files=1
2025-04-05 19:33:00 | INFO | repo=course-sys-int-systems-exam | action=test | passed=true
2025-06-12 17:37:00 | INFO | repo=course-sys-int-systems-exam | action=commit
2025-04-11 18:14:00 | DEBUG | repo=course-sys-int-systems-exam | action=commit
2025-08-05 14:40:00 | WARN | repo=course-sys-int-systems-exam | action=pull
2025-04-14 15:21:00 | INFO | repo=course-sys-int-systems-exam | action=edit | files=2
2025-01-11 10:33:00 | INFO | repo=course-sys-int-systems-exam | action=test | passed=true
2025-04-05 16:20:00 | DEBUG | repo=course-sys-int-systems-exam | action=commit
2025-05-22 18:29:00 | DEBUG | repo=course-sys-int-systems-exam | action=commit
2025-10-16 18:34:00 | INFO | repo=course-sys-int-systems-exam | action=commit
2025-08-07 20:09:00 | DEBUG | repo=course-sys-int-systems-exam | action=commit
2025-06-05 08:27:00 | INFO | repo=course-sys-int-systems-exam | action=commit
2025-12-13 18:21:00 | DEBUG | repo=course-sys-int-systems-exam | action=commit
2025-03-18 08:05:00 | INFO | repo=course-sys-int-systems-exam | action=commit
2025-05-02 21:03:00 | WARN | repo=course-sys-int-systems-exam | action=commit
2025-04-07 08:59:00 | DEBUG | repo=course-sys-int-systems-exam | action=test | passed=true
2025-04-22 21:40:00 | DEBUG | repo=course-sys-int-systems-exam | action=pull
2025-12-22 12:44:00 | WARN | repo=course-sys-int-systems-exam | action=commit
2025-05-19 17:35:00 | DEBUG | repo=course-sys-int-systems-exam | action=test | passed=true
2025-12-23 16:51:00 | WARN | repo=course-sys-int-systems-exam | action=commit
2025-08-28 18:47:00 | DEBUG | repo=course-sys-int-systems-exam | action=commit
2025-08-04 15:57:00 | INFO | repo=course-sys-int-systems-exam | action=edit | files=2
2025-05-10 07:30:00 | WARN | repo=course-sys-int-systems-exam | action=commit
2025-04-02 09:32:00 | INFO | repo=course-sys-int-systems-exam | action=commit
2025-12-22 16:53:00 | INFO | repo=course-sys-int-systems-exam | action=commit
2025-03-27 08:27:00 | INFO | repo=course-sys-int-systems-exam | action=commit
